This is XeTeX, Version 3.14159265-2.6-0.999992 (TeX Live 2020/Arch Linux) (preloaded format=xelatex 2021.2.6)  5 MAR 2021 13:28
entering extended mode
 restricted \write18 enabled.
 %&-line parsing enabled.
**answer.tex
(./answer.tex
LaTeX2e <2020-10-01> patch level 2
L3 programming layer <2020-12-03> xparse <2020-03-03>
(/usr/share/texmf-dist/tex/latex/base/article.cls
Document Class: article 2020/04/10 v1.4m Standard LaTeX document class
(/usr/share/texmf-dist/tex/latex/base/size10.clo
File: size10.clo 2020/04/10 v1.4m Standard LaTeX file (size option)
)
\c@part=\count173
\c@section=\count174
\c@subsection=\count175
\c@subsubsection=\count176
\c@paragraph=\count177
\c@subparagraph=\count178
\c@figure=\count179
\c@table=\count180
\abovecaptionskip=\skip47
\belowcaptionskip=\skip48
\bibindent=\dimen138
)
(/usr/share/texmf-dist/tex/latex/base/inputenc.sty
Package: inputenc 2020/08/01 v1.3d Input encoding file
\inpenc@prehook=\toks15
\inpenc@posthook=\toks16


Package inputenc Warning: inputenc package ignored with utf8 based engines.

) (/usr/share/texmf-dist/tex/latex/graphics/graphicx.sty
Package: graphicx 2020/09/09 v1.2b Enhanced LaTeX Graphics (DPC,SPQR)

(/usr/share/texmf-dist/tex/latex/graphics/keyval.sty
Package: keyval 2014/10/28 v1.15 key=value parser (DPC)
\KV@toks@=\toks17
)
(/usr/share/texmf-dist/tex/latex/graphics/graphics.sty
Package: graphics 2020/08/30 v1.4c Standard LaTeX Graphics (DPC,SPQR)

(/usr/share/texmf-dist/tex/latex/graphics/trig.sty
Package: trig 2016/01/03 v1.10 sin cos tan (DPC)
)
(/usr/share/texmf-dist/tex/latex/graphics-cfg/graphics.cfg
File: graphics.cfg 2016/06/04 v1.11 sample graphics configuration
)
Package graphics Info: Driver file: xetex.def on input line 105.

(/usr/share/texmf-dist/tex/latex/graphics-def/xetex.def
File: xetex.def 2020/08/26 v5.0i Graphics/color driver for xetex
))
\Gin@req@height=\dimen139
\Gin@req@width=\dimen140
)
(/usr/share/texmf-dist/tex/latex/fontspec/fontspec.sty
(/usr/share/texmf-dist/tex/latex/l3packages/xparse/xparse.sty
(/usr/share/texmf-dist/tex/latex/l3kernel/expl3.sty
Package: expl3 2020-12-03 L3 programming layer (loader) 

(/usr/share/texmf-dist/tex/latex/l3backend/l3backend-xetex.def
File: l3backend-xetex.def 2020-09-24 L3 backend support: XeTeX
\g__graphics_track_int=\count181
\l__pdf_internal_box=\box47
\g__pdf_backend_object_int=\count182
\g__pdf_backend_annotation_int=\count183
))
Package: xparse 2020-10-27 L3 Experimental document command parser

(/usr/share/texmf-dist/tex/latex/l3packages/xparse/xparse-generic.tex))
Package: fontspec 2020/02/21 v2.7i Font selection for XeLaTeX and LuaLaTeX

(/usr/share/texmf-dist/tex/latex/fontspec/fontspec-xetex.sty
Package: fontspec-xetex 2020/02/21 v2.7i Font selection for XeLaTeX and LuaLaTe
X
\l__fontspec_script_int=\count184
\l__fontspec_language_int=\count185
\l__fontspec_strnum_int=\count186
\l__fontspec_tmp_int=\count187
\l__fontspec_tmpa_int=\count188
\l__fontspec_tmpb_int=\count189
\l__fontspec_tmpc_int=\count190
\l__fontspec_em_int=\count191
\l__fontspec_emdef_int=\count192
\l__fontspec_strong_int=\count193
\l__fontspec_strongdef_int=\count194
\l__fontspec_tmpa_dim=\dimen141
\l__fontspec_tmpb_dim=\dimen142
\l__fontspec_tmpc_dim=\dimen143

(/usr/share/texmf-dist/tex/latex/base/fontenc.sty
Package: fontenc 2020/08/10 v2.0s Standard LaTeX package
)
(/usr/share/texmf-dist/tex/latex/fontspec/fontspec.cfg)))
(/usr/share/texmf-dist/tex/latex/subfigure/subfigure.sty
Package: subfigure 2002/03/15 v2.1.5 subfigure package
\subfigtopskip=\skip49
\subfigcapskip=\skip50
\subfigcaptopadj=\dimen144
\subfigbottomskip=\skip51
\subfigcapmargin=\dimen145
\subfiglabelskip=\skip52
\c@subfigure=\count195
\c@lofdepth=\count196
\c@subtable=\count197
\c@lotdepth=\count198

****************************************
* Local config file subfigure.cfg used *
****************************************
(/usr/share/texmf-dist/tex/latex/subfigure/subfigure.cfg)
\subfig@top=\skip53
\subfig@bottom=\skip54
)
(/usr/share/texmf-dist/tex/latex/pdfpages/pdfpages.sty
Package: pdfpages 2020/01/28 v0.5q Insert pages of external PDF documents (AM)

(/usr/share/texmf-dist/tex/latex/base/ifthen.sty
Package: ifthen 2014/09/29 v1.1c Standard LaTeX ifthen package (DPC)
)
(/usr/share/texmf-dist/tex/latex/tools/calc.sty
Package: calc 2017/05/25 v4.3 Infix arithmetic (KKT,FJ)
\calc@Acount=\count199
\calc@Bcount=\count266
\calc@Adimen=\dimen146
\calc@Bdimen=\dimen147
\calc@Askip=\skip55
\calc@Bskip=\skip56
LaTeX Info: Redefining \setlength on input line 80.
LaTeX Info: Redefining \addtolength on input line 81.
\calc@Ccount=\count267
\calc@Cskip=\skip57
)
(/usr/share/texmf-dist/tex/latex/eso-pic/eso-pic.sty
Package: eso-pic 2020/10/14 v3.0a eso-pic (RN)
\ESO@tempdima=\dimen148
\ESO@tempdimb=\dimen149

(/usr/share/texmf-dist/tex/latex/xcolor/xcolor.sty
Package: xcolor 2016/05/11 v2.12 LaTeX color extensions (UK)

(/usr/share/texmf-dist/tex/latex/graphics-cfg/color.cfg
File: color.cfg 2016/01/02 v1.6 sample color configuration
)
Package xcolor Info: Driver file: xetex.def on input line 225.
Package xcolor Info: Model `cmy' substituted by `cmy0' on input line 1348.
Package xcolor Info: Model `RGB' extended on input line 1364.
Package xcolor Info: Model `HTML' substituted by `rgb' on input line 1366.
Package xcolor Info: Model `Hsb' substituted by `hsb' on input line 1367.
Package xcolor Info: Model `tHsb' substituted by `hsb' on input line 1368.
Package xcolor Info: Model `HSB' substituted by `hsb' on input line 1369.
Package xcolor Info: Model `Gray' substituted by `gray' on input line 1370.
Package xcolor Info: Model `wave' substituted by `hsb' on input line 1371.
))
\AM@pagewidth=\dimen150
\AM@pageheight=\dimen151

(/usr/share/texmf-dist/tex/latex/pdfpages/ppxetex.def
File: ppxetex.def 2020/01/28 v0.5q Pdfpages driver for XeTeX (AM)
)
\AM@pagebox=\box48
\AM@global@opts=\toks18
\AM@pagecnt=\count268
\AM@toc@title=\toks19
\c@AM@survey=\count269
\AM@templatesizebox=\box49
)

Package fontspec Info: Font family 'times-new-roman.ttf(0)' created for font
(fontspec)             'times-new-roman.ttf' with options [Ligatures=TeX].
(fontspec)              
(fontspec)              This font family consists of the following NFSS
(fontspec)             series/shapes:
(fontspec)              
(fontspec)             - 'normal' (m/n) with NFSS spec.:
(fontspec)             <->"[times-new-roman.ttf]/OT:script=latn;language=dflt;m
apping=tex-text;"
(fontspec)             - 'small caps'  (m/sc) with NFSS spec.:
(fontspec)             <->"[times-new-roman.ttf]/OT:script=latn;language=dflt;+
smcp;mapping=tex-text;"



LaTeX Warning: Unused global option(s):
    [17pt,margin=1in].

(./answer.aux (./cover_page.aux))
LaTeX Font Info:    Checking defaults for OML/cmm/m/it on input line 8.
LaTeX Font Info:    ... okay on input line 8.
LaTeX Font Info:    Checking defaults for OMS/cmsy/m/n on input line 8.
LaTeX Font Info:    ... okay on input line 8.
LaTeX Font Info:    Checking defaults for OT1/cmr/m/n on input line 8.
LaTeX Font Info:    ... okay on input line 8.
LaTeX Font Info:    Checking defaults for T1/cmr/m/n on input line 8.
LaTeX Font Info:    ... okay on input line 8.
LaTeX Font Info:    Checking defaults for TS1/cmr/m/n on input line 8.
LaTeX Font Info:    Trying to load font information for TS1+cmr on input line 8
.

(/usr/share/texmf-dist/tex/latex/base/ts1cmr.fd
File: ts1cmr.fd 2019/12/16 v2.5j Standard LaTeX font definitions
)
LaTeX Font Info:    ... okay on input line 8.
LaTeX Font Info:    Checking defaults for TU/lmr/m/n on input line 8.
LaTeX Font Info:    ... okay on input line 8.
LaTeX Font Info:    Checking defaults for OMX/cmex/m/n on input line 8.
LaTeX Font Info:    ... okay on input line 8.
LaTeX Font Info:    Checking defaults for U/cmr/m/n on input line 8.
LaTeX Font Info:    ... okay on input line 8.

Package fontspec Info: Adjusting the maths setup (use [no-math] to avoid
(fontspec)             this).

\symlegacymaths=\mathgroup4
LaTeX Font Info:    Overwriting symbol font `legacymaths' in version `bold'
(Font)                  OT1/cmr/m/n --> OT1/cmr/bx/n on input line 8.
LaTeX Font Info:    Redeclaring math accent \acute on input line 8.
LaTeX Font Info:    Redeclaring math accent \grave on input line 8.
LaTeX Font Info:    Redeclaring math accent \ddot on input line 8.
LaTeX Font Info:    Redeclaring math accent \tilde on input line 8.
LaTeX Font Info:    Redeclaring math accent \bar on input line 8.
LaTeX Font Info:    Redeclaring math accent \breve on input line 8.
LaTeX Font Info:    Redeclaring math accent \check on input line 8.
LaTeX Font Info:    Redeclaring math accent \hat on input line 8.
LaTeX Font Info:    Redeclaring math accent \dot on input line 8.
LaTeX Font Info:    Redeclaring math accent \mathring on input line 8.
LaTeX Font Info:    Redeclaring math symbol \colon on input line 8.
LaTeX Font Info:    Redeclaring math symbol \Gamma on input line 8.
LaTeX Font Info:    Redeclaring math symbol \Delta on input line 8.
LaTeX Font Info:    Redeclaring math symbol \Theta on input line 8.
LaTeX Font Info:    Redeclaring math symbol \Lambda on input line 8.
LaTeX Font Info:    Redeclaring math symbol \Xi on input line 8.
LaTeX Font Info:    Redeclaring math symbol \Pi on input line 8.
LaTeX Font Info:    Redeclaring math symbol \Sigma on input line 8.
LaTeX Font Info:    Redeclaring math symbol \Upsilon on input line 8.
LaTeX Font Info:    Redeclaring math symbol \Phi on input line 8.
LaTeX Font Info:    Redeclaring math symbol \Psi on input line 8.
LaTeX Font Info:    Redeclaring math symbol \Omega on input line 8.
LaTeX Font Info:    Redeclaring math symbol \mathdollar on input line 8.
LaTeX Font Info:    Redeclaring symbol font `operators' on input line 8.
LaTeX Font Info:    Encoding `OT1' has changed to `TU' for symbol font
(Font)              `operators' in the math version `normal' on input line 8.
LaTeX Font Info:    Overwriting symbol font `operators' in version `normal'
(Font)                  OT1/cmr/m/n --> TU/times-new-roman.ttf(0)/m/n on input 
line 8.
LaTeX Font Info:    Encoding `OT1' has changed to `TU' for symbol font
(Font)              `operators' in the math version `bold' on input line 8.
LaTeX Font Info:    Overwriting symbol font `operators' in version `bold'
(Font)                  OT1/cmr/bx/n --> TU/times-new-roman.ttf(0)/m/n on input
 line 8.
LaTeX Font Info:    Overwriting symbol font `operators' in version `normal'
(Font)                  TU/times-new-roman.ttf(0)/m/n --> TU/times-new-roman.tt
f(0)/m/n on input line 8.
LaTeX Font Info:    Overwriting math alphabet `\mathit' in version `normal'
(Font)                  OT1/cmr/m/it --> TU/times-new-roman.ttf(0)/m/it on inpu
t line 8.
LaTeX Font Info:    Overwriting math alphabet `\mathbf' in version `normal'
(Font)                  OT1/cmr/bx/n --> TU/times-new-roman.ttf(0)/b/n on input
 line 8.
LaTeX Font Info:    Overwriting math alphabet `\mathsf' in version `normal'
(Font)                  OT1/cmss/m/n --> TU/lmss/m/n on input line 8.
LaTeX Font Info:    Overwriting math alphabet `\mathtt' in version `normal'
(Font)                  OT1/cmtt/m/n --> TU/lmtt/m/n on input line 8.
LaTeX Font Info:    Overwriting symbol font `operators' in version `bold'
(Font)                  TU/times-new-roman.ttf(0)/m/n --> TU/times-new-roman.tt
f(0)/b/n on input line 8.
LaTeX Font Info:    Overwriting math alphabet `\mathit' in version `bold'
(Font)                  OT1/cmr/bx/it --> TU/times-new-roman.ttf(0)/b/it on inp
ut line 8.
LaTeX Font Info:    Overwriting math alphabet `\mathsf' in version `bold'
(Font)                  OT1/cmss/bx/n --> TU/lmss/b/n on input line 8.
LaTeX Font Info:    Overwriting math alphabet `\mathtt' in version `bold'
(Font)                  OT1/cmtt/m/n --> TU/lmtt/b/n on input line 8.

(/usr/share/texmf-dist/tex/latex/pdflscape/pdflscape.sty
Package: pdflscape 2019/12/05 v0.12 Display of landscape pages in PDF (HO)

(/usr/share/texmf-dist/tex/generic/iftex/iftex.sty
Package: iftex 2020/03/06 v1.0d TeX engine tests
)
(/usr/share/texmf-dist/tex/latex/graphics/lscape.sty
Package: lscape 2020/05/28 v3.02 Landscape Pages (DPC)
)
Package pdflscape Info: Auto-detected driver: dvipdfm (xetex) on input line 98.


(/usr/share/texmf-dist/tex/latex/base/atbegshi-ltx.sty
Package: atbegshi-ltx 2020/08/17 v1.0a Emulation of the original atbegshi packa
ge
with kernel methods
)) (./cover_page.tex
File: ./scrot/logo.png Graphic file (type bmp)
<./scrot/logo.png>


LaTeX Font Warning: Font shape `TU/times-new-roman.ttf(0)/b/n' undefined
(Font)              using `TU/times-new-roman.ttf(0)/m/n' instead on input line
 7.

File: ./scrot/vlines.png Graphic file (type bmp)
<./scrot/vlines.png>
) [1


] (./answer.toc
LaTeX Font Info:    External font `cmex10' loaded for size
(Font)              <7> on input line 3.
LaTeX Font Info:    External font `cmex10' loaded for size
(Font)              <5> on input line 3.
)
\tf@toc=\write3
 [2


] [3]
Underfull \hbox (badness 10000) in paragraph at lines 31--33

 []


Overfull \hbox (22.5pt too wide) in paragraph at lines 35--35
[]\TU/lmtt/m/n/10 DIR [pathname][display_format][file_attributes][sorted][time]
[options][] 
 []

File: ./scrot/dir.png Graphic file (type bmp)
<./scrot/dir.png>
[4

]
Underfull \hbox (badness 10000) in paragraph at lines 45--47

 []

File: ./scrot/dir.png Graphic file (type bmp)
<./scrot/dir.png>
[5]
Underfull \hbox (badness 10000) in paragraph at lines 59--61

 []

File: ./scrot/cd.png Graphic file (type bmp)
<./scrot/cd.png>
[6]
Underfull \hbox (badness 10000) in paragraph at lines 73--75

 []

File: ./scrot/type.png Graphic file (type bmp)
<./scrot/type.png>
[7]
Underfull \hbox (badness 10000) in paragraph at lines 87--90

 []

File: ./scrot/echo.png Graphic file (type bmp)
<./scrot/echo.png>
[8]
Underfull \hbox (badness 10000) in paragraph at lines 102--104

 []


Overfull \hbox (59.25pt too wide) in paragraph at lines 106--106
[]\TU/lmtt/m/n/10 COPY [path\source\filename.extension][path\destination\filena
me.extension]   [] 
 []

File: ./scrot/copy.png Graphic file (type bmp)
<./scrot/copy.png>
[9]
Underfull \hbox (badness 10000) in paragraph at lines 116--118

 []

File: ./scrot/mem.png Graphic file (type bmp)
<./scrot/mem.png>
[10]
Underfull \hbox (badness 10000) in paragraph at lines 130--132

 []

File: ./scrot/del.png Graphic file (type bmp)
<./scrot/del.png>
[11]
Underfull \hbox (badness 10000) in paragraph at lines 144--146

 []

File: ./scrot/cls1.png Graphic file (type bmp)
<./scrot/cls1.png>
File: ./scrot/cls2.png Graphic file (type bmp)
<./scrot/cls2.png>
[12]
Underfull \hbox (badness 10000) in paragraph at lines 167--169

 []

File: ./scrot/help.png Graphic file (type bmp)
<./scrot/help.png>
[13]
File: ./scrot/biography.png Graphic file (type bmp)
<./scrot/biography.png>

Overfull \hbox (172.5pt too wide) in paragraph at lines 181--183
[]
 []


Overfull \vbox (125.85649pt too high) has occurred while \output is active []


[14]
File: ./scrot/id-card.png Graphic file (type bmp)
<./scrot/id-card.png>
 [15]
File: ./scrot/ipv6.png Graphic file (type bmp)
<./scrot/ipv6.png>

Overfull \hbox (15.0pt too wide) in paragraph at lines 192--194
[][]
 []

[16]
File: ./scrot/routine.png Graphic file (type bmp)
<./scrot/routine.png>

Overfull \hbox (68.99895pt too wide) in paragraph at lines 196--198
[]
 []

[17]
File: ./scrot/see.png Graphic file (type bmp)
<./scrot/see.png>

Overfull \hbox (68.99895pt too wide) in paragraph at lines 200--202
[]
 []


Overfull \vbox (17.38478pt too high) has occurred while \output is active []


[18]
File: ./scrot/spreadsheet-1.png Graphic file (type bmp)
<./scrot/spreadsheet-1.png>
File: ./scrot/spreadsheet-2.png Graphic file (type bmp)
<./scrot/spreadsheet-2.png>
File: ./scrot/spreadsheet-3.png Graphic file (type bmp)
<./scrot/spreadsheet-3.png>
File: ./scrot/spreadsheet-4.png Graphic file (type bmp)
<./scrot/spreadsheet-4.png>
 [19]
File: ./scrot/spreadsheet-5.png Graphic file (type bmp)
<./scrot/spreadsheet-5.png>
File: ./scrot/input-0.png Graphic file (type bmp)
<./scrot/input-0.png>
File: ./scrot/input-1.png Graphic file (type bmp)
<./scrot/input-1.png>
File: ./scrot/input-2.png Graphic file (type bmp)
<./scrot/input-2.png>
File: ./scrot/input-3.png Graphic file (type bmp)
<./scrot/input-3.png>
 [20]
File: ./scrot/input-4.png Graphic file (type bmp)
<./scrot/input-4.png>
File: ./scrot/input-5.png Graphic file (type bmp)
<./scrot/input-5.png>
File: ./scrot/input-6.png Graphic file (type bmp)
<./scrot/input-6.png>
File: ./scrot/input-7.png Graphic file (type bmp)
<./scrot/input-7.png>
 [21]
File: ./scrot/multimedia-0.png Graphic file (type bmp)
<./scrot/multimedia-0.png>
File: ./scrot/multimedia-1.png Graphic file (type bmp)
<./scrot/multimedia-1.png>
File: ./scrot/multimedia-2.png Graphic file (type bmp)
<./scrot/multimedia-2.png>
File: ./scrot/multimedia-3.png Graphic file (type bmp)
<./scrot/multimedia-3.png>
 [22]
File: ./scrot/multimedia-4.png Graphic file (type bmp)
<./scrot/multimedia-4.png>
File: ./scrot/multimedia-5.png Graphic file (type bmp)
<./scrot/multimedia-5.png>
File: ./scrot/multimedia-6.png Graphic file (type bmp)
<./scrot/multimedia-6.png>
File: ./scrot/multimedia-7.png Graphic file (type bmp)
<./scrot/multimedia-7.png>
 [23]
File: ./scrot/cloud.png Graphic file (type bmp)
<./scrot/cloud.png>
File: ./scrot/cloud1.png Graphic file (type bmp)
<./scrot/cloud1.png>
File: ./scrot/cloud2.png Graphic file (type bmp)
<./scrot/cloud2.png>
File: ./scrot/cloud3.png Graphic file (type bmp)
<./scrot/cloud3.png>
 [24]
File: ./scrot/cloud4.png Graphic file (type bmp)
<./scrot/cloud4.png>
File: ./scrot/cloud5.png Graphic file (type bmp)
<./scrot/cloud5.png>
File: ./scrot/cloud6.png Graphic file (type bmp)
<./scrot/cloud6.png>
File: ./scrot/cloud7.png Graphic file (type bmp)
<./scrot/cloud7.png>
 [25]
File: ./scrot/smart-city-0.png Graphic file (type bmp)
<./scrot/smart-city-0.png>
File: ./scrot/smart-city-1.png Graphic file (type bmp)
<./scrot/smart-city-1.png>
File: ./scrot/smart-city-2.png Graphic file (type bmp)
<./scrot/smart-city-2.png>
File: ./scrot/smart-city-3.png Graphic file (type bmp)
<./scrot/smart-city-3.png>
 [26]
File: ./scrot/smart-city-4.png Graphic file (type bmp)
<./scrot/smart-city-4.png>
File: ./scrot/smart-city-5.png Graphic file (type bmp)
<./scrot/smart-city-5.png>
File: ./scrot/smart-city-6.png Graphic file (type bmp)
<./scrot/smart-city-6.png>
File: ./scrot/smart-city-7.png Graphic file (type bmp)
<./scrot/smart-city-7.png>
 [27]
File: ./scrot/network-0.png Graphic file (type bmp)
<./scrot/network-0.png>
File: ./scrot/network-1.png Graphic file (type bmp)
<./scrot/network-1.png>
File: ./scrot/network-2.png Graphic file (type bmp)
<./scrot/network-2.png>
File: ./scrot/network-3.png Graphic file (type bmp)
<./scrot/network-3.png>
 [28]
File: ./scrot/network-4.png Graphic file (type bmp)
<./scrot/network-4.png>
File: ./scrot/network-5.png Graphic file (type bmp)
<./scrot/network-5.png>
File: ./scrot/network-6.png Graphic file (type bmp)
<./scrot/network-6.png>
File: ./scrot/network-7.png Graphic file (type bmp)
<./scrot/network-7.png>
 [29]
File: ./scrot/customer.png Graphic file (type bmp)
<./scrot/customer.png>
 [30]
File: ./scrot/order.png Graphic file (type bmp)
<./scrot/order.png>
File: ./scrot/book.png Graphic file (type bmp)
<./scrot/book.png>
File: ./scrot/relation.png Graphic file (type bmp)
<./scrot/relation.png>
 [31]
File: ./scrot/q2-1.png Graphic file (type bmp)
<./scrot/q2-1.png>
 [32]
Overfull \vbox (193.3521pt too high) has occurred while \output is active []


[33]
File: ./scrot/q2-2.png Graphic file (type bmp)
<./scrot/q2-2.png>
File: ./scrot/q2-3.png Graphic file (type bmp)
<./scrot/q2-3.png>
File: ./scrot/report.png Graphic file (type bmp)
<./scrot/report.png>
 [34]
File: ./scrot/form.png Graphic file (type bmp)
<./scrot/form.png>
 [35] [36] (./answer.aux (./cover_page.aux))

LaTeX Font Warning: Some font shapes were not available, defaults substituted.


LaTeX Warning: Label(s) may have changed. Rerun to get cross-references right.

 ) 
Here is how much of TeX's memory you used:
 5138 strings out of 477299
 128307 string characters out of 5838339
 462719 words of memory out of 5000000
 24663 multiletter control sequences out of 15000+600000
 403518 words of font info for 38 fonts, out of 8000000 for 9000
 1348 hyphenation exceptions out of 8191
 78i,5n,86p,1076b,275s stack positions out of 5000i,500n,10000p,200000b,80000s

Output written on answer.pdf (36 pages).
